<?xml version="1.0" encoding="UTF-8"?>
<!-- Generated by org.testng.reporters.JUnitReportReporter -->
<testsuite hostname="SonyVaio-VAIO" name="SeleniumConcept.ChangeDateFormate" tests="1" failures="0" timestamp="15 May 2016 14:56:50 GMT" time="0.472" errors="0">
  <testcase name="dateFormate" time="0.472" classname="SeleniumConcept.ChangeDateFormate"/>
</testsuite> <!-- SeleniumConcept.ChangeDateFormate -->
