<?xml version="1.0" encoding="UTF-8"?>
<!-- Generated by org.testng.reporters.JUnitReportReporter -->
<testsuite hostname="SonyVaio-VAIO" name="SeleniumConcept.DefaultFirefox" tests="1" failures="0" timestamp="15 May 2016 14:56:50 GMT" time="36.482" errors="0">
  <testcase name="defaultfirefox" time="36.482" classname="SeleniumConcept.DefaultFirefox"/>
</testsuite> <!-- SeleniumConcept.DefaultFirefox -->
