<?xml version="1.0" encoding="UTF-8"?>
<!-- Generated by org.testng.reporters.JUnitReportReporter -->
<testsuite hostname="SonyVaio-VAIO" name="SeleniumConcept.DoubleClick" tests="1" failures="0" timestamp="15 May 2016 14:56:50 GMT" time="20.536" errors="0">
  <testcase name="doubleClick" time="20.536" classname="SeleniumConcept.DoubleClick"/>
</testsuite> <!-- SeleniumConcept.DoubleClick -->
