<?xml version="1.0" encoding="UTF-8"?>
<!-- Generated by org.testng.reporters.JUnitReportReporter -->
<testsuite hostname="SonyVaio-VAIO" name="SeleniumConcept.OpenInNewTab" tests="1" failures="0" timestamp="15 May 2016 14:56:50 GMT" time="54.912" errors="0">
  <testcase name="newTab" time="54.912" classname="SeleniumConcept.OpenInNewTab"/>
</testsuite> <!-- SeleniumConcept.OpenInNewTab -->
