<?xml version="1.0" encoding="UTF-8"?>
<!-- Generated by org.testng.reporters.JUnitReportReporter -->
<testsuite hostname="SonyVaio-VAIO" name="SeleniumConcept.DefaultFirefox" tests="1" failures="0" timestamp="14 May 2016 11:31:38 GMT" time="34.439" errors="0">
  <testcase name="defaultfirefox" time="34.439" classname="SeleniumConcept.DefaultFirefox"/>
</testsuite> <!-- SeleniumConcept.DefaultFirefox -->
